# JRE version: OpenJDK Runtime Environment (17.0.6) (build 17.0.6+0-b2043.56-9586694)
# Java VM: OpenJDK 64-Bit Server VM (17.0.6+0-b2043.56-9586694, mixed mode, tiered, compressed oops, compressed class ptrs, g1 gc, windows-amd64)
GC Precious Log:
 CPUs: 6 total, 6 available
 Memory: 11634M
 Large Page Support: Disabled
 NUMA Support: Disabled
 Compressed Oops: Enabled (32-bit)
 Heap Region Size: 1M
 Heap Min Capacity: 8M
 Heap Initial Capacity: 182M
 Heap Max Capacity: 2G
 Pre-touch: Disabled
 Parallel Workers: 6
 Concurrent Workers: 2
 Concurrent Refinement Workers: 6
 Periodic GC: Disabled
Heap:
 garbage-first heap   total 454656K, used 271365K [0x0000000080000000, 0x0000000100000000)
  region size 1024K, 27 young (27648K), 2 survivors (2048K)
 Metaspace       used 136444K, committed 138368K, reserved 1171456K
  class space    used 18050K, committed 18944K, reserved 1048576K
GC Heap History (20 events):
Event: 675.931 GC heap before
{Heap before GC invocations=75 (full 0):
 garbage-first heap   total 386048K, used 299162K [0x0000000080000000, 0x0000000100000000)
  region size 1024K, 148 young (151552K), 3 survivors (3072K)
 Metaspace       used 122458K, committed 124480K, reserved 1163264K
  class space    used 15881K, committed 16832K, reserved 1048576K
}
Event: 675.940 GC heap after
{Heap after GC invocations=76 (full 0):
 garbage-first heap   total 386048K, used 147103K [0x0000000080000000, 0x0000000100000000)
  region size 1024K, 8 young (8192K), 8 survivors (8192K)
 Metaspace       used 122458K, committed 124480K, reserved 1163264K
  class space    used 15881K, committed 16832K, reserved 1048576K
}
Event: 684.655 GC heap before
{Heap before GC invocations=76 (full 0):
 garbage-first heap   total 386048K, used 299679K [0x0000000080000000, 0x0000000100000000)
  region size 1024K, 157 young (160768K), 8 survivors (8192K)
 Metaspace       used 122586K, committed 124544K, reserved 1163264K
  class space    used 15882K, committed 16832K, reserved 1048576K
}
Event: 684.662 GC heap after
{Heap after GC invocations=77 (full 0):
 garbage-first heap   total 386048K, used 148982K [0x0000000080000000, 0x0000000100000000)
  region size 1024K, 9 young (9216K), 9 survivors (9216K)
 Metaspace       used 122586K, committed 124544K, reserved 1163264K
  class space    used 15882K, committed 16832K, reserved 1048576K
}
Event: 1863.833 GC heap before
{Heap before GC invocations=77 (full 0):
 garbage-first heap   total 386048K, used 303606K [0x0000000080000000, 0x0000000100000000)
  region size 1024K, 161 young (164864K), 9 survivors (9216K)
 Metaspace       used 122773K, committed 124800K, reserved 1163264K
  class space    used 15883K, committed 16832K, reserved 1048576K
}
Event: 1863.839 GC heap after
{Heap after GC invocations=78 (full 0):
 garbage-first heap   total 386048K, used 147958K [0x0000000080000000, 0x0000000100000000)
  region size 1024K, 8 young (8192K), 8 survivors (8192K)
 Metaspace       used 122773K, committed 124800K, reserved 1163264K
  class space    used 15883K, committed 16832K, reserved 1048576K
}
Event: 2209.846 GC heap before
{Heap before GC invocations=78 (full 0):
 garbage-first heap   total 386048K, used 306678K [0x0000000080000000, 0x0000000100000000)
  region size 1024K, 135 young (138240K), 8 survivors (8192K)
 Metaspace       used 122871K, committed 124864K, reserved 1163264K
  class space    used 15886K, committed 16832K, reserved 1048576K
}
Event: 2209.941 GC heap after
{Heap after GC invocations=79 (full 0):
 garbage-first heap   total 386048K, used 167805K [0x0000000080000000, 0x0000000100000000)
  region size 1024K, 21 young (21504K), 21 survivors (21504K)
 Metaspace       used 122871K, committed 124864K, reserved 1163264K
  class space    used 15886K, committed 16832K, reserved 1048576K
}
Event: 2751.696 GC heap before
{Heap before GC invocations=79 (full 0):
 garbage-first heap   total 386048K, used 318333K [0x0000000080000000, 0x0000000100000000)
  region size 1024K, 146 young (149504K), 21 survivors (21504K)
 Metaspace       used 123024K, committed 124992K, reserved 1163264K
  class space    used 15888K, committed 16832K, reserved 1048576K
}
Event: 2751.743 GC heap after
{Heap after GC invocations=80 (full 0):
 garbage-first heap   total 386048K, used 176898K [0x0000000080000000, 0x0000000100000000)
  region size 1024K, 11 young (11264K), 11 survivors (11264K)
 Metaspace       used 123024K, committed 124992K, reserved 1163264K
  class space    used 15888K, committed 16832K, reserved 1048576K
}
Event: 2758.796 GC heap before
{Heap before GC invocations=80 (full 0):
 garbage-first heap   total 386048K, used 310018K [0x0000000080000000, 0x0000000100000000)
  region size 1024K, 132 young (135168K), 11 survivors (11264K)
 Metaspace       used 126025K, committed 128000K, reserved 1163264K
  class space    used 16338K, committed 17280K, reserved 1048576K
}
Event: 2758.823 GC heap after
{Heap after GC invocations=81 (full 0):
 garbage-first heap   total 386048K, used 195584K [0x0000000080000000, 0x0000000100000000)
  region size 1024K, 17 young (17408K), 17 survivors (17408K)
 Metaspace       used 126025K, committed 128000K, reserved 1163264K
  class space    used 16338K, committed 17280K, reserved 1048576K
}
Event: 2760.028 GC heap before
{Heap before GC invocations=81 (full 0):
 garbage-first heap   total 386048K, used 302080K [0x0000000080000000, 0x0000000100000000)
  region size 1024K, 122 young (124928K), 17 survivors (17408K)
 Metaspace       used 131215K, committed 133248K, reserved 1171456K
  class space    used 17070K, committed 18048K, reserved 1048576K
}
Event: 2760.108 GC heap after
{Heap after GC invocations=82 (full 0):
 garbage-first heap   total 386048K, used 214725K [0x0000000080000000, 0x0000000100000000)
  region size 1024K, 16 young (16384K), 16 survivors (16384K)
 Metaspace       used 131215K, committed 133248K, reserved 1171456K
  class space    used 17070K, committed 18048K, reserved 1048576K
}
Event: 2760.402 GC heap before
{Heap before GC invocations=82 (full 0):
 garbage-first heap   total 386048K, used 303813K [0x0000000080000000, 0x0000000100000000)
  region size 1024K, 104 young (106496K), 16 survivors (16384K)
 Metaspace       used 132474K, committed 134528K, reserved 1171456K
  class space    used 17325K, committed 18304K, reserved 1048576K
}
Event: 2760.450 GC heap after
{Heap after GC invocations=83 (full 0):
 garbage-first heap   total 386048K, used 231424K [0x0000000080000000, 0x0000000100000000)
  region size 1024K, 13 young (13312K), 13 survivors (13312K)
 Metaspace       used 132474K, committed 134528K, reserved 1171456K
  class space    used 17325K, committed 18304K, reserved 1048576K
}
Event: 2760.989 GC heap before
{Heap before GC invocations=83 (full 0):
 garbage-first heap   total 386048K, used 301056K [0x0000000080000000, 0x0000000100000000)
  region size 1024K, 82 young (83968K), 13 survivors (13312K)
 Metaspace       used 135501K, committed 137536K, reserved 1171456K
  class space    used 17880K, committed 18816K, reserved 1048576K
}
Event: 2761.027 GC heap after
{Heap after GC invocations=84 (full 0):
 garbage-first heap   total 454656K, used 244752K [0x0000000080000000, 0x0000000100000000)
  region size 1024K, 12 young (12288K), 12 survivors (12288K)
 Metaspace       used 135501K, committed 137536K, reserved 1171456K
  class space    used 17880K, committed 18816K, reserved 1048576K
}
Event: 2761.063 GC heap before
{Heap before GC invocations=84 (full 0):
 garbage-first heap   total 454656K, used 245776K [0x0000000080000000, 0x0000000100000000)
  region size 1024K, 13 young (13312K), 12 survivors (12288K)
 Metaspace       used 135502K, committed 137536K, reserved 1171456K
  class space    used 17880K, committed 18816K, reserved 1048576K
}
Event: 2761.073 GC heap after
{Heap after GC invocations=85 (full 0):
 garbage-first heap   total 454656K, used 246789K [0x0000000080000000, 0x0000000100000000)
  region size 1024K, 2 young (2048K), 2 survivors (2048K)
 Metaspace       used 135502K, committed 137536K, reserved 1171456K
  class space    used 17880K, committed 18816K, reserved 1048576K
}

